<?xml version="1.0" encoding="UTF-8"?>
<!-- Generated by org.testng.reporters.JUnitXMLReporter -->
<testsuite hostname="DESKTOP-843RP8J" ignored="1" name="Default test" tests="4" failures="0" timestamp="22 Apr 2022 16:33:55 GMT" time="0.14" errors="0">
  <testcase name="tc01" time="0.017" classname="com.test.TestngSample"/>
  <testcase name="tc02" time="0.017" classname="com.test.TestngSample"/>
  <testcase name="tc02" time="0.0" classname="com.test.TestngSample"/>
  <testcase name="tc02" time="0.0" classname="com.test.TestngSample"/>
  <testcase name="tc03" time="0.0" classname="com.test.TestngSample">
    <ignored/>
  </testcase> <!-- tc03 -->
</testsuite> <!-- Default test -->
